<?xml version="1.0" encoding="UTF-8"?>
<!-- Generated by org.testng.reporters.JUnitReportReporter -->
<testsuite skipped="0" hostname="PEARL-PC4" name="CucumberOptions.Login_testrunner" tests="1" failures="0" timestamp="2022-07-29T09:24:02 IST" time="33.996" errors="0">
  <testcase name="feature" time="33.996" classname="CucumberOptions.Login_testrunner"/>
  <system-out/>
</testsuite> <!-- CucumberOptions.Login_testrunner -->
