<?xml version="1.0" encoding="UTF-8"?>
<!-- Generated by org.testng.reporters.JUnitReportReporter -->
<testsuite skipped="0" hostname="PEARL-PC4" name="CucumberOptions.testrunner" tests="1" failures="0" timestamp="2022-07-25T12:29:19 IST" time="17.525" errors="0">
  <testcase name="feature" time="17.525" classname="CucumberOptions.testrunner"/>
  <system-out/>
</testsuite> <!-- CucumberOptions.testrunner -->
